[2025-05-05 10:39] INFO - Calling: extract in /opt/app/src/extract/ebay_extractor.py, args=(<extract.ebay_extractor.EbayExtractor object at 0x7f46036a1fd0>,), kwargs={}
[2025-05-05 10:39] INFO - Calling: extract in /opt/app/src/extract/ebay_extractor.py, args=(<extract.ebay_extractor.EbayExtractor object at 0x7f2745503fd0>,), kwargs={}
[2025-05-05 10:39] INFO - Calling: extract in /opt/app/src/extract/ebay_extractor.py, args=(<extract.ebay_extractor.EbayExtractor object at 0x7fa7ee62dfd0>,), kwargs={}
[2025-05-05 10:39] ERROR - RDD is empty
Traceback (most recent call last):
  File "/opt/app/src/utils/logger.py", line 46, in wrapper
    res = func(*args, **kwargs)
  File "/opt/app/src/extract/ebay_extractor.py", line 42, in extract
    df = self.spark.createDataFrame(rdd)
  File "/home/airflow/.local/lib/python3.9/site-packages/pyspark/python/lib/pyspark.zip/pyspark/sql/session.py", line 894, in createDataFrame
    return self._create_dataframe(
  File "/home/airflow/.local/lib/python3.9/site-packages/pyspark/python/lib/pyspark.zip/pyspark/sql/session.py", line 934, in _create_dataframe
    rdd, struct = self._createFromRDD(data.map(prepare), schema, samplingRatio)
  File "/home/airflow/.local/lib/python3.9/site-packages/pyspark/python/lib/pyspark.zip/pyspark/sql/session.py", line 600, in _createFromRDD
    struct = self._inferSchema(rdd, samplingRatio, names=schema)
  File "/home/airflow/.local/lib/python3.9/site-packages/pyspark/python/lib/pyspark.zip/pyspark/sql/session.py", line 546, in _inferSchema
    first = rdd.first()
  File "/home/airflow/.local/lib/python3.9/site-packages/pyspark/python/lib/pyspark.zip/pyspark/rdd.py", line 1906, in first
    raise ValueError("RDD is empty")
ValueError: RDD is empty
[2025-05-05 10:39] ERROR - RDD is empty
Traceback (most recent call last):
  File "/opt/app/src/utils/logger.py", line 46, in wrapper
    res = func(*args, **kwargs)
  File "/opt/app/src/extract/ebay_extractor.py", line 42, in extract
    df = self.spark.createDataFrame(rdd)
  File "/home/airflow/.local/lib/python3.9/site-packages/pyspark/python/lib/pyspark.zip/pyspark/sql/session.py", line 894, in createDataFrame
    return self._create_dataframe(
  File "/home/airflow/.local/lib/python3.9/site-packages/pyspark/python/lib/pyspark.zip/pyspark/sql/session.py", line 934, in _create_dataframe
    rdd, struct = self._createFromRDD(data.map(prepare), schema, samplingRatio)
  File "/home/airflow/.local/lib/python3.9/site-packages/pyspark/python/lib/pyspark.zip/pyspark/sql/session.py", line 600, in _createFromRDD
    struct = self._inferSchema(rdd, samplingRatio, names=schema)
  File "/home/airflow/.local/lib/python3.9/site-packages/pyspark/python/lib/pyspark.zip/pyspark/sql/session.py", line 546, in _inferSchema
    first = rdd.first()
  File "/home/airflow/.local/lib/python3.9/site-packages/pyspark/python/lib/pyspark.zip/pyspark/rdd.py", line 1906, in first
    raise ValueError("RDD is empty")
ValueError: RDD is empty
[2025-05-05 10:39] ERROR - RDD is empty
Traceback (most recent call last):
  File "/opt/app/src/utils/logger.py", line 46, in wrapper
    res = func(*args, **kwargs)
  File "/opt/app/src/extract/ebay_extractor.py", line 42, in extract
    df = self.spark.createDataFrame(rdd)
  File "/home/airflow/.local/lib/python3.9/site-packages/pyspark/python/lib/pyspark.zip/pyspark/sql/session.py", line 894, in createDataFrame
    return self._create_dataframe(
  File "/home/airflow/.local/lib/python3.9/site-packages/pyspark/python/lib/pyspark.zip/pyspark/sql/session.py", line 934, in _create_dataframe
    rdd, struct = self._createFromRDD(data.map(prepare), schema, samplingRatio)
  File "/home/airflow/.local/lib/python3.9/site-packages/pyspark/python/lib/pyspark.zip/pyspark/sql/session.py", line 600, in _createFromRDD
    struct = self._inferSchema(rdd, samplingRatio, names=schema)
  File "/home/airflow/.local/lib/python3.9/site-packages/pyspark/python/lib/pyspark.zip/pyspark/sql/session.py", line 546, in _inferSchema
    first = rdd.first()
  File "/home/airflow/.local/lib/python3.9/site-packages/pyspark/python/lib/pyspark.zip/pyspark/rdd.py", line 1906, in first
    raise ValueError("RDD is empty")
ValueError: RDD is empty
[2025-05-05 10:44] INFO - Calling: extract in /opt/app/src/extract/ebay_extractor.py, args=(<extract.ebay_extractor.EbayExtractor object at 0x7fc59e437fd0>,), kwargs={}
[2025-05-05 10:44] INFO - Calling: extract in /opt/app/src/extract/ebay_extractor.py, args=(<extract.ebay_extractor.EbayExtractor object at 0x7fe4d6140fd0>,), kwargs={}
[2025-05-05 10:44] ERROR - RDD is empty
Traceback (most recent call last):
  File "/opt/app/src/utils/logger.py", line 46, in wrapper
    res = func(*args, **kwargs)
  File "/opt/app/src/extract/ebay_extractor.py", line 42, in extract
    df = self.spark.createDataFrame(rdd)
  File "/home/airflow/.local/lib/python3.9/site-packages/pyspark/python/lib/pyspark.zip/pyspark/sql/session.py", line 894, in createDataFrame
    return self._create_dataframe(
  File "/home/airflow/.local/lib/python3.9/site-packages/pyspark/python/lib/pyspark.zip/pyspark/sql/session.py", line 934, in _create_dataframe
    rdd, struct = self._createFromRDD(data.map(prepare), schema, samplingRatio)
  File "/home/airflow/.local/lib/python3.9/site-packages/pyspark/python/lib/pyspark.zip/pyspark/sql/session.py", line 600, in _createFromRDD
    struct = self._inferSchema(rdd, samplingRatio, names=schema)
  File "/home/airflow/.local/lib/python3.9/site-packages/pyspark/python/lib/pyspark.zip/pyspark/sql/session.py", line 546, in _inferSchema
    first = rdd.first()
  File "/home/airflow/.local/lib/python3.9/site-packages/pyspark/python/lib/pyspark.zip/pyspark/rdd.py", line 1906, in first
    raise ValueError("RDD is empty")
ValueError: RDD is empty
[2025-05-05 10:44] ERROR - RDD is empty
Traceback (most recent call last):
  File "/opt/app/src/utils/logger.py", line 46, in wrapper
    res = func(*args, **kwargs)
  File "/opt/app/src/extract/ebay_extractor.py", line 42, in extract
    df = self.spark.createDataFrame(rdd)
  File "/home/airflow/.local/lib/python3.9/site-packages/pyspark/python/lib/pyspark.zip/pyspark/sql/session.py", line 894, in createDataFrame
    return self._create_dataframe(
  File "/home/airflow/.local/lib/python3.9/site-packages/pyspark/python/lib/pyspark.zip/pyspark/sql/session.py", line 934, in _create_dataframe
    rdd, struct = self._createFromRDD(data.map(prepare), schema, samplingRatio)
  File "/home/airflow/.local/lib/python3.9/site-packages/pyspark/python/lib/pyspark.zip/pyspark/sql/session.py", line 600, in _createFromRDD
    struct = self._inferSchema(rdd, samplingRatio, names=schema)
  File "/home/airflow/.local/lib/python3.9/site-packages/pyspark/python/lib/pyspark.zip/pyspark/sql/session.py", line 546, in _inferSchema
    first = rdd.first()
  File "/home/airflow/.local/lib/python3.9/site-packages/pyspark/python/lib/pyspark.zip/pyspark/rdd.py", line 1906, in first
    raise ValueError("RDD is empty")
ValueError: RDD is empty
